This is pdfeTeX, Version 3.141592-1.20a-rc7.1-2.1 (MiKTeX 2.4) (preloaded format=latex 2007.7.18)  6 NOV 2008 08:41
entering extended mode
**appendix2.tex
(appendix2.tex
LaTeX2e <2003/12/01>
Babel <v3.8a> and hyphenation patterns for english, french, german, ngerman, sp
anish, dumylang, nohyphenation, loaded.
! Undefined control sequence.
l.10 \chapstarthook
                   {The content of this appendix has been submitted to
? 
! Emergency stop.
l.10 \chapstarthook
                   {The content of this appendix has been submitted to
End of file on the terminal!

 
Here is how much of TeX's memory you used:
 6 strings out of 95514
 61 string characters out of 1189584
 44819 words of memory out of 1048577
 3207 multiletter control sequences out of 35000
 3640 words of font info for 14 fonts, out of 500000 for 1000
 14 hyphenation exceptions out of 607
 5i,0n,1p,84b,8s stack positions out of 1500i,500n,5000p,200000b,32768s
 0 PDF objects out of 300000
 0 named destinations out of 300000
 1 words of extra memory for PDF output out of 65536
No pages of output.
