This is pdfTeX, Version 3.1415926-1.40.11 (MiKTeX 2.9) (preloaded format=pdflatex 2011.8.8)  14 SEP 2011 12:51
entering extended mode
**C:/Users/José*Alfonso/Desktop/Tesis_Aguilar/chapter1.tex
("C:/Users/José Alfonso/Desktop/Tesis_Aguilar/chapter1.tex"
LaTeX2e <2009/09/24>
Babel <v3.8l> and hyphenation patterns for english, afrikaans, ancientgreek, ar
abic, armenian, assamese, basque, bengali, bokmal, bulgarian, catalan, coptic, 
croatian, czech, danish, dutch, esperanto, estonian, farsi, finnish, french, ga
lician, german, german-x-2009-06-19, greek, gujarati, hindi, hungarian, iceland
ic, indonesian, interlingua, irish, italian, kannada, kurmanji, lao, latin, lat
vian, lithuanian, malayalam, marathi, mongolian, mongolianlmc, monogreek, ngerm
an, ngerman-x-2009-06-19, nynorsk, oriya, panjabi, pinyin, polish, portuguese, 
romanian, russian, sanskrit, serbian, slovak, slovenian, spanish, swedish, swis
sgerman, tamil, telugu, turkish, turkmen, ukenglish, ukrainian, uppersorbian, u
senglishmax, welsh, loaded.
! Undefined control sequence.
l.7 \chapter
            {Síntesis}
The control sequence at the end of the top line
of your error message was never \def'ed. If you have
misspelled it (e.g., `\hobx'), type `I' and the correct
spelling (e.g., `I\hbox'). Otherwise just continue,
and I'll forget about whatever was undefined.


! LaTeX Error: Missing \begin{document}.

See the LaTeX manual or LaTeX Companion for explanation.
Type  H <return>  for immediate help.
 ...                                              
                                                  
l.7 \chapter{S
              íntesis}
You're in trouble here.  Try typing  <return>  to proceed.
If that doesn't work, type  X <return>  to quit.

Missing character: There is no S in font nullfont!
Missing character: There is no í in font nullfont!
Missing character: There is no n in font nullfont!
Missing character: There is no t in font nullfont!
Missing character: There is no e in font nullfont!
Missing character: There is no s in font nullfont!
Missing character: There is no i in font nullfont!
Missing character: There is no s in font nullfont!

Overfull \hbox (20.0pt too wide) in paragraph at lines 7--11
[]
 []


! LaTeX Error: Missing \begin{document}.

See the LaTeX manual or LaTeX Companion for explanation.
Type  H <return>  for immediate help.
 ...                                              
                                                  
l.12 A
       razón de que la tesis doctoral se ha realizado mediante la modalidad ...

You're in trouble here.  Try typing  <return>  to proceed.
If that doesn't work, type  X <return>  to quit.

Missing character: There is no A in font nullfont!
Missing character: There is no r in font nullfont!
Missing character: There is no a in font nullfont!
Missing character: There is no z in font nullfont!
Missing character: There is no ó in font nullfont!
Missing character: There is no n in font nullfont!
Missing character: There is no d in font nullfont!
Missing character: There is no e in font nullfont!
Missing character: There is no q in font nullfont!
Missing character: There is no u in font nullfont!
Missing character: There is no e in font nullfont!
Missing character: There is no l in font nullfont!
Missing character: There is no a in font nullfont!
Missing character: There is no t in font nullfont!
Missing character: There is no e in font nullfont!
Missing character: There is no s in font nullfont!
Missing character: There is no i in font nullfont!
Missing character: There is no s in font nullfont!
Missing character: There is no d in font nullfont!
Missing character: There is no o in font nullfont!
Missing character: There is no c in font nullfont!
Missing character: There is no t in font nullfont!
Missing character: There is no o in font nullfont!
Missing character: There is no r in font nullfont!
Missing character: There is no a in font nullfont!
Missing character: There is no l in font nullfont!
Missing character: There is no s in font nullfont!
Missing character: There is no e in font nullfont!
Missing character: There is no h in font nullfont!
Missing character: There is no a in font nullfont!
Missing character: There is no r in font nullfont!
Missing character: There is no e in font nullfont!
Missing character: There is no a in font nullfont!
Missing character: There is no l in font nullfont!
Missing character: There is no i in font nullfont!
Missing character: There is no z in font nullfont!
Missing character: There is no a in font nullfont!
Missing character: There is no d in font nullfont!
Missing character: There is no o in font nullfont!
Missing character: There is no m in font nullfont!
Missing character: There is no e in font nullfont!
Missing character: There is no d in font nullfont!
Missing character: There is no i in font nullfont!
Missing character: There is no a in font nullfont!
Missing character: There is no n in font nullfont!
Missing character: There is no t in font nullfont!
Missing character: There is no e in font nullfont!
Missing character: There is no l in font nullfont!
Missing character: There is no a in font nullfont!
Missing character: There is no m in font nullfont!
Missing character: There is no o in font nullfont!
Missing character: There is no d in font nullfont!
Missing character: There is no a in font nullfont!
Missing character: There is no l in font nullfont!
Missing character: There is no i in font nullfont!
Missing character: There is no d in font nullfont!
Missing character: There is no a in font nullfont!
Missing character: There is no d in font nullfont!
Missing character: There is no d in font nullfont!
Missing character: There is no e in font nullfont!
Missing character: There is no c in font nullfont!
Missing character: There is no o in font nullfont!
Missing character: There is no m in font nullfont!
Missing character: There is no p in font nullfont!
Missing character: There is no e in font nullfont!
Missing character: There is no n in font nullfont!
Missing character: There is no d in font nullfont!
Missing character: There is no i in font nullfont!
Missing character: There is no o in font nullfont!
Missing character: There is no d in font nullfont!
Missing character: There is no e in font nullfont!
Missing character: There is no a in font nullfont!
Missing character: There is no r in font nullfont!
Missing character: There is no t in font nullfont!
Missing character: There is no í in font nullfont!
Missing character: There is no c in font nullfont!
Missing character: There is no u in font nullfont!
Missing character: There is no l in font nullfont!
Missing character: There is no o in font nullfont!
Missing character: There is no s in font nullfont!
Missing character: There is no , in font nullfont!
Missing character: There is no e in font nullfont!
Missing character: There is no s in font nullfont!
Missing character: There is no t in font nullfont!
Missing character: There is no e in font nullfont!
Missing character: There is no c in font nullfont!
Missing character: There is no a in font nullfont!
Missing character: There is no p in font nullfont!
Missing character: There is no í in font nullfont!
Missing character: There is no t in font nullfont!
Missing character: There is no u in font nullfont!
Missing character: There is no l in font nullfont!
Missing character: There is no o in font nullfont!
Missing character: There is no e in font nullfont!
Missing character: There is no s in font nullfont!
Missing character: There is no t in font nullfont!
Missing character: There is no á in font nullfont!
Missing character: There is no d in font nullfont!
Missing character: There is no e in font nullfont!
Missing character: There is no d in font nullfont!
Missing character: There is no i in font nullfont!
Missing character: There is no c in font nullfont!
Missing character: There is no a in font nullfont!
Missing character: There is no d in font nullfont!
Missing character: There is no o in font nullfont!
Missing character: There is no a in font nullfont!
Missing character: There is no d in font nullfont!
Missing character: There is no e in font nullfont!
Missing character: There is no s in font nullfont!
Missing character: There is no c in font nullfont!
Missing character: There is no r in font nullfont!
Missing character: There is no i in font nullfont!
Missing character: There is no b in font nullfont!
Missing character: There is no i in font nullfont!
Missing character: There is no r in font nullfont!
Missing character: There is no l in font nullfont!
Missing character: There is no o in font nullfont!
Missing character: There is no s in font nullfont!
Missing character: There is no o in font nullfont!
Missing character: There is no b in font nullfont!
Missing character: There is no j in font nullfont!
Missing character: There is no e in font nullfont!
Missing character: There is no t in font nullfont!
Missing character: There is no i in font nullfont!
Missing character: There is no v in font nullfont!
Missing character: There is no o in font nullfont!
Missing character: There is no s in font nullfont!
Missing character: There is no , in font nullfont!
Missing character: There is no h in font nullfont!
Missing character: There is no i in font nullfont!
Missing character: There is no p in font nullfont!
Missing character: There is no ó in font nullfont!
Missing character: There is no t in font nullfont!
Missing character: There is no e in font nullfont!
Missing character: There is no s in font nullfont!
Missing character: There is no i in font nullfont!
Missing character: There is no s in font nullfont!
Missing character: There is no y in font nullfont!
Missing character: There is no e in font nullfont!
Missing character: There is no l in font nullfont!
Missing character: There is no c in font nullfont!
Missing character: There is no o in font nullfont!
Missing character: There is no n in font nullfont!
Missing character: There is no j in font nullfont!
Missing character: There is no u in font nullfont!
Missing character: There is no n in font nullfont!
Missing character: There is no t in font nullfont!
Missing character: There is no o in font nullfont!
Missing character: There is no d in font nullfont!
Missing character: There is no e in font nullfont!
Missing character: There is no t in font nullfont!
Missing character: There is no r in font nullfont!
Missing character: There is no a in font nullfont!
Missing character: There is no b in font nullfont!
Missing character: There is no a in font nullfont!
Missing character: There is no j in font nullfont!
Missing character: There is no o in font nullfont!
Missing character: There is no s in font nullfont!
Missing character: There is no q in font nullfont!
Missing character: There is no u in font nullfont!
Missing character: There is no e in font nullfont!
Missing character: There is no l in font nullfont!
Missing character: There is no a in font nullfont!
Missing character: There is no c in font nullfont!
Missing character: There is no o in font nullfont!
Missing character: There is no n in font nullfont!
Missing character: There is no f in font nullfont!
Missing character: There is no o in font nullfont!
Missing character: There is no r in font nullfont!
Missing character: There is no m in font nullfont!
Missing character: There is no a in font nullfont!
Missing character: There is no n in font nullfont!
Missing character: There is no . in font nullfont!
Missing character: There is no A in font nullfont!
Missing character: There is no d in font nullfont!
Missing character: There is no e in font nullfont!
Missing character: There is no m in font nullfont!
Missing character: There is no á in font nullfont!
Missing character: There is no s in font nullfont!
Missing character: There is no , in font nullfont!
Missing character: There is no e in font nullfont!
Missing character: There is no s in font nullfont!
Missing character: There is no r in font nullfont!
Missing character: There is no e in font nullfont!
Missing character: There is no s in font nullfont!
Missing character: There is no u in font nullfont!
Missing character: There is no m in font nullfont!
Missing character: There is no i in font nullfont!
Missing character: There is no d in font nullfont!
Missing character: There is no o in font nullfont!
Missing character: There is no e in font nullfont!
Missing character: There is no l in font nullfont!
Missing character: There is no c in font nullfont!
Missing character: There is no o in font nullfont!
Missing character: There is no n in font nullfont!
Missing character: There is no t in font nullfont!
Missing character: There is no e in font nullfont!
Missing character: There is no n in font nullfont!
Missing character: There is no i in font nullfont!
Missing character: There is no d in font nullfont!
Missing character: There is no o in font nullfont!
Missing character: There is no c in font nullfont!
Missing character: There is no i in font nullfont!
Missing character: There is no e in font nullfont!
Missing character: There is no n in font nullfont!
Missing character: There is no t in font nullfont!
Missing character: There is no í in font nullfont!
Missing character: There is no f in font nullfont!
Missing character: There is no i in font nullfont!
Missing character: There is no c in font nullfont!
Missing character: There is no o in font nullfont!
Missing character: There is no d in font nullfont!
Missing character: There is no e in font nullfont!
Missing character: There is no l in font nullfont!
Missing character: There is no a in font nullfont!
Missing character: There is no t in font nullfont!
Missing character: There is no e in font nullfont!
Missing character: There is no s in font nullfont!
Missing character: There is no i in font nullfont!
Missing character: There is no s in font nullfont!
Missing character: There is no p in font nullfont!
Missing character: There is no o in font nullfont!
Missing character: There is no r in font nullfont!
Missing character: There is no m in font nullfont!
Missing character: There is no e in font nullfont!
Missing character: There is no d in font nullfont!
Missing character: There is no i in font nullfont!
Missing character: There is no o in font nullfont!
Missing character: There is no d in font nullfont!
Missing character: There is no e in font nullfont!
Missing character: There is no u in font nullfont!
Missing character: There is no n in font nullfont!
Missing character: There is no a in font nullfont!
Missing character: There is no s in font nullfont!
Missing character: There is no í in font nullfont!
Missing character: There is no n in font nullfont!
Missing character: There is no t in font nullfont!
Missing character: There is no e in font nullfont!
Missing character: There is no s in font nullfont!
Missing character: There is no i in font nullfont!
Missing character: There is no s in font nullfont!
Missing character: There is no g in font nullfont!
Missing character: There is no l in font nullfont!
Missing character: There is no o in font nullfont!
Missing character: There is no b in font nullfont!
Missing character: There is no a in font nullfont!
Missing character: There is no l in font nullfont!
Missing character: There is no d in font nullfont!
Missing character: There is no e in font nullfont!
Missing character: There is no l in font nullfont!
Missing character: There is no o in font nullfont!
Missing character: There is no s in font nullfont!
Missing character: There is no r in font nullfont!
Missing character: There is no e in font nullfont!
Missing character: There is no s in font nullfont!
Missing character: There is no u in font nullfont!
Missing character: There is no l in font nullfont!
Missing character: There is no t in font nullfont!
Missing character: There is no a in font nullfont!
Missing character: There is no d in font nullfont!
Missing character: There is no o in font nullfont!
Missing character: There is no s in font nullfont!
Missing character: There is no o in font nullfont!
Missing character: There is no b in font nullfont!
Missing character: There is no t in font nullfont!
Missing character: There is no e in font nullfont!
Missing character: There is no n in font nullfont!
Missing character: There is no i in font nullfont!
Missing character: There is no d in font nullfont!
Missing character: There is no o in font nullfont!
Missing character: There is no s in font nullfont!
Missing character: There is no a in font nullfont!
Missing character: There is no s in font nullfont!
Missing character: There is no í in font nullfont!
Missing character: There is no c in font nullfont!
Missing character: There is no o in font nullfont!
Missing character: There is no m in font nullfont!
Missing character: There is no o in font nullfont!
Missing character: There is no d in font nullfont!
Missing character: There is no e in font nullfont!
Missing character: There is no l in font nullfont!
Missing character: There is no a in font nullfont!
Missing character: There is no s in font nullfont!
Missing character: There is no c in font nullfont!
Missing character: There is no o in font nullfont!
Missing character: There is no n in font nullfont!
Missing character: There is no c in font nullfont!
Missing character: There is no l in font nullfont!
Missing character: There is no u in font nullfont!
Missing character: There is no s in font nullfont!
Missing character: There is no i in font nullfont!
Missing character: There is no o in font nullfont!
Missing character: There is no n in font nullfont!
Missing character: There is no e in font nullfont!
Missing character: There is no s in font nullfont!
Missing character: There is no f in font nullfont!
Missing character: There is no i in font nullfont!
Missing character: There is no n in font nullfont!
Missing character: There is no a in font nullfont!
Missing character: There is no l in font nullfont!
Missing character: There is no e in font nullfont!
Missing character: There is no s in font nullfont!
Missing character: There is no . in font nullfont!

Overfull \hbox (20.0pt too wide) in paragraph at lines 12--13
[]
 []

! Undefined control sequence.
l.15 \section
             {Tesis Doctoral como Compendio de Artículos}
The control sequence at the end of the top line
of your error message was never \def'ed. If you have
misspelled it (e.g., `\hobx'), type `I' and the correct
spelling (e.g., `I\hbox'). Otherwise just continue,
and I'll forget about whatever was undefined.


! LaTeX Error: Missing \begin{document}.

See the LaTeX manual or LaTeX Companion for explanation.
Type  H <return>  for immediate help.
 ...                                              
                                                  
l.15 \section{T
               esis Doctoral como Compendio de Artículos}
You're in trouble here.  Try typing  <return>  to proceed.
If that doesn't work, type  X <return>  to quit.

Missing character: There is no T in font nullfont!
Missing character: There is no e in font nullfont!
Missing character: There is no s in font nullfont!
Missing character: There is no i in font nullfont!
Missing character: There is no s in font nullfont!
Missing character: There is no D in font nullfont!
Missing character: There is no o in font nullfont!
Missing character: There is no c in font nullfont!
Missing character: There is no t in font nullfont!
Missing character: There is no o in font nullfont!
Missing character: There is no r in font nullfont!
Missing character: There is no a in font nullfont!
Missing character: There is no l in font nullfont!
Missing character: There is no c in font nullfont!
Missing character: There is no o in font nullfont!
Missing character: There is no m in font nullfont!
Missing character: There is no o in font nullfont!
Missing character: There is no C in font nullfont!
Missing character: There is no o in font nullfont!
Missing character: There is no m in font nullfont!
Missing character: There is no p in font nullfont!
Missing character: There is no e in font nullfont!
Missing character: There is no n in font nullfont!
Missing character: There is no d in font nullfont!
Missing character: There is no i in font nullfont!
Missing character: There is no o in font nullfont!
Missing character: There is no d in font nullfont!
Missing character: There is no e in font nullfont!
Missing character: There is no A in font nullfont!
Missing character: There is no r in font nullfont!
Missing character: There is no t in font nullfont!
Missing character: There is no í in font nullfont!
Missing character: There is no c in font nullfont!
Missing character: There is no u in font nullfont!
Missing character: There is no l in font nullfont!
Missing character: There is no o in font nullfont!
Missing character: There is no s in font nullfont!

Overfull \hbox (20.0pt too wide) in paragraph at lines 15--16
[]
 []


! LaTeX Error: Missing \begin{document}.

See the LaTeX manual or LaTeX Companion for explanation.
Type  H <return>  for immediate help.
 ...                                              
                                                  
l.17 L
      os requisitos que debe cumplir una tesis doctoral para ser realizada e...

You're in trouble here.  Try typing  <return>  to proceed.
If that doesn't work, type  X <return>  to quit.

Missing character: There is no L in font nullfont!
Missing character: There is no o in font nullfont!
Missing character: There is no s in font nullfont!
Missing character: There is no r in font nullfont!
Missing character: There is no e in font nullfont!
Missing character: There is no q in font nullfont!
Missing character: There is no u in font nullfont!
Missing character: There is no i in font nullfont!
Missing character: There is no s in font nullfont!
Missing character: There is no i in font nullfont!
Missing character: There is no t in font nullfont!
Missing character: There is no o in font nullfont!
Missing character: There is no s in font nullfont!
Missing character: There is no q in font nullfont!
Missing character: There is no u in font nullfont!
Missing character: There is no e in font nullfont!
Missing character: There is no d in font nullfont!
Missing character: There is no e in font nullfont!
Missing character: There is no b in font nullfont!
Missing character: There is no e in font nullfont!
Missing character: There is no c in font nullfont!
Missing character: There is no u in font nullfont!
Missing character: There is no m in font nullfont!
Missing character: There is no p in font nullfont!
Missing character: There is no l in font nullfont!
Missing character: There is no i in font nullfont!
Missing character: There is no r in font nullfont!
Missing character: There is no u in font nullfont!
Missing character: There is no n in font nullfont!
Missing character: There is no a in font nullfont!
Missing character: There is no t in font nullfont!
Missing character: There is no e in font nullfont!
Missing character: There is no s in font nullfont!
Missing character: There is no i in font nullfont!
Missing character: There is no s in font nullfont!
Missing character: There is no d in font nullfont!
Missing character: There is no o in font nullfont!
Missing character: There is no c in font nullfont!
Missing character: There is no t in font nullfont!
Missing character: There is no o in font nullfont!
Missing character: There is no r in font nullfont!
Missing character: There is no a in font nullfont!
Missing character: There is no l in font nullfont!
Missing character: There is no p in font nullfont!
Missing character: There is no a in font nullfont!
Missing character: There is no r in font nullfont!
Missing character: There is no a in font nullfont!
Missing character: There is no s in font nullfont!
Missing character: There is no e in font nullfont!
Missing character: There is no r in font nullfont!
Missing character: There is no r in font nullfont!
Missing character: There is no e in font nullfont!
Missing character: There is no a in font nullfont!
Missing character: There is no l in font nullfont!
Missing character: There is no i in font nullfont!
Missing character: There is no z in font nullfont!
Missing character: There is no a in font nullfont!
Missing character: There is no d in font nullfont!
Missing character: There is no a in font nullfont!
Missing character: There is no e in font nullfont!
Missing character: There is no n in font nullfont!
Missing character: There is no l in font nullfont!
Missing character: There is no a in font nullfont!
Missing character: There is no U in font nullfont!
Missing character: There is no n in font nullfont!
Missing character: There is no i in font nullfont!
Missing character: There is no v in font nullfont!
Missing character: There is no e in font nullfont!
Missing character: There is no r in font nullfont!
Missing character: There is no s in font nullfont!
Missing character: There is no i in font nullfont!
Missing character: There is no d in font nullfont!
Missing character: There is no a in font nullfont!
Missing character: There is no d in font nullfont!
Missing character: There is no d in font nullfont!
Missing character: There is no e in font nullfont!
Missing character: There is no A in font nullfont!
Missing character: There is no l in font nullfont!
Missing character: There is no i in font nullfont!
Missing character: There is no c in font nullfont!
Missing character: There is no a in font nullfont!
Missing character: There is no n in font nullfont!
Missing character: There is no t in font nullfont!
Missing character: There is no e in font nullfont!
Missing character: There is no m in font nullfont!
Missing character: There is no e in font nullfont!
Missing character: There is no d in font nullfont!
Missing character: There is no i in font nullfont!
Missing character: There is no a in font nullfont!
Missing character: There is no n in font nullfont!
Missing character: There is no t in font nullfont!
Missing character: There is no e in font nullfont!
Missing character: There is no u in font nullfont!
Missing character: There is no n in font nullfont!
Missing character: There is no c in font nullfont!
Missing character: There is no o in font nullfont!
Missing character: There is no m in font nullfont!
Missing character: There is no p in font nullfont!
Missing character: There is no e in font nullfont!
Missing character: There is no n in font nullfont!
Missing character: There is no d in font nullfont!
Missing character: There is no i in font nullfont!
Missing character: There is no o in font nullfont!
Missing character: There is no d in font nullfont!
Missing character: There is no e in font nullfont!
Missing character: There is no p in font nullfont!
Missing character: There is no u in font nullfont!
Missing character: There is no b in font nullfont!
Missing character: There is no l in font nullfont!
Missing character: There is no i in font nullfont!
Missing character: There is no c in font nullfont!
Missing character: There is no a in font nullfont!
Missing character: There is no c in font nullfont!
Missing character: There is no i in font nullfont!
Missing character: There is no o in font nullfont!
Missing character: There is no n in font nullfont!
Missing character: There is no e in font nullfont!
Missing character: There is no s in font nullfont!
Missing character: There is no f in font nullfont!
Missing character: There is no u in font nullfont!
Missing character: There is no e in font nullfont!
Missing character: There is no r in font nullfont!
Missing character: There is no o in font nullfont!
Missing character: There is no n in font nullfont!
Missing character: There is no d in font nullfont!
Missing character: There is no e in font nullfont!
Missing character: There is no f in font nullfont!
Missing character: There is no i in font nullfont!
Missing character: There is no n in font nullfont!
Missing character: There is no i in font nullfont!
Missing character: There is no d in font nullfont!
Missing character: There is no o in font nullfont!
Missing character: There is no s in font nullfont!
Missing character: There is no p in font nullfont!
Missing character: There is no o in font nullfont!
Missing character: There is no r in font nullfont!
Missing character: There is no e in font nullfont!
Missing character: There is no l in font nullfont!
Missing character: There is no P in font nullfont!
Missing character: There is no l in font nullfont!
Missing character: There is no e in font nullfont!
Missing character: There is no n in font nullfont!
Missing character: There is no o in font nullfont!
Missing character: There is no d in font nullfont!
Missing character: There is no e in font nullfont!
Missing character: There is no l in font nullfont!
Missing character: There is no a in font nullfont!
Missing character: There is no C in font nullfont!
Missing character: There is no o in font nullfont!
Missing character: There is no m in font nullfont!
Missing character: There is no i in font nullfont!
Missing character: There is no s in font nullfont!
Missing character: There is no i in font nullfont!
Missing character: There is no ó in font nullfont!
Missing character: There is no n in font nullfont!
Missing character: There is no d in font nullfont!
Missing character: There is no e in font nullfont!
Missing character: There is no D in font nullfont!
Missing character: There is no o in font nullfont!
Missing character: There is no c in font nullfont!
Missing character: There is no t in font nullfont!
Missing character: There is no o in font nullfont!
Missing character: There is no r in font nullfont!
Missing character: There is no a in font nullfont!
Missing character: There is no d in font nullfont!
Missing character: There is no o in font nullfont!
Missing character: There is no d in font nullfont!
Missing character: There is no e in font nullfont!
Missing character: There is no f in font nullfont!
Missing character: There is no e in font nullfont!
Missing character: There is no c in font nullfont!
Missing character: There is no h in font nullfont!
Missing character: There is no a in font nullfont!
Missing character: There is no 2 in font nullfont!
Missing character: There is no d in font nullfont!
Missing character: There is no e in font nullfont!
Missing character: There is no m in font nullfont!
Missing character: There is no a in font nullfont!
Missing character: There is no r in font nullfont!
Missing character: There is no z in font nullfont!
Missing character: There is no o in font nullfont!
Missing character: There is no d in font nullfont!
Missing character: There is no e in font nullfont!
Missing character: There is no 2 in font nullfont!
Missing character: There is no 0 in font nullfont!
Missing character: There is no 0 in font nullfont!
Missing character: There is no 5 in font nullfont!
Missing character: There is no . in font nullfont!
Missing character: There is no A in font nullfont!
Missing character: There is no c in font nullfont!
Missing character: There is no o in font nullfont!
Missing character: There is no n in font nullfont!
Missing character: There is no t in font nullfont!
Missing character: There is no i in font nullfont!
Missing character: There is no n in font nullfont!
Missing character: There is no u in font nullfont!
Missing character: There is no a in font nullfont!
Missing character: There is no c in font nullfont!
Missing character: There is no i in font nullfont!
Missing character: There is no ó in font nullfont!
Missing character: There is no n in font nullfont!
Missing character: There is no , in font nullfont!
Missing character: There is no s in font nullfont!
Missing character: There is no e in font nullfont!
Missing character: There is no e in font nullfont!
Missing character: There is no x in font nullfont!
Missing character: There is no p in font nullfont!
Missing character: There is no o in font nullfont!
Missing character: There is no n in font nullfont!
Missing character: There is no e in font nullfont!
Missing character: There is no n in font nullfont!
Missing character: There is no a in font nullfont!
Missing character: There is no q in font nullfont!
Missing character: There is no u in font nullfont!
Missing character: There is no e in font nullfont!
Missing character: There is no l in font nullfont!
Missing character: There is no l in font nullfont!
Missing character: There is no o in font nullfont!
Missing character: There is no s in font nullfont!
Missing character: There is no d in font nullfont!
Missing character: There is no i in font nullfont!
Missing character: There is no r in font nullfont!
Missing character: There is no e in font nullfont!
Missing character: There is no c in font nullfont!
Missing character: There is no t in font nullfont!
Missing character: There is no a in font nullfont!
Missing character: There is no m in font nullfont!
Missing character: There is no e in font nullfont!
Missing character: There is no n in font nullfont!
Missing character: There is no t in font nullfont!
Missing character: There is no e in font nullfont!
Missing character: There is no r in font nullfont!
Missing character: There is no e in font nullfont!
Missing character: There is no l in font nullfont!
Missing character: There is no a in font nullfont!
Missing character: There is no c in font nullfont!
Missing character: There is no i in font nullfont!
Missing character: There is no o in font nullfont!
Missing character: There is no n in font nullfont!
Missing character: There is no a in font nullfont!
Missing character: There is no d in font nullfont!
Missing character: There is no o in font nullfont!
Missing character: There is no s in font nullfont!
Missing character: There is no c in font nullfont!
Missing character: There is no o in font nullfont!
Missing character: There is no n in font nullfont!
Missing character: There is no e in font nullfont!
Missing character: There is no l in font nullfont!
Missing character: There is no c in font nullfont!
Missing character: There is no o in font nullfont!
Missing character: There is no n in font nullfont!
Missing character: There is no t in font nullfont!
Missing character: There is no e in font nullfont!
Missing character: There is no n in font nullfont!
Missing character: There is no i in font nullfont!
Missing character: There is no d in font nullfont!
Missing character: There is no o in font nullfont!
Missing character: There is no d in font nullfont!
Missing character: There is no e in font nullfont!
Missing character: There is no l in font nullfont!
Missing character: There is no a in font nullfont!
Missing character: There is no t in font nullfont!
Missing character: There is no e in font nullfont!
Missing character: There is no s in font nullfont!
Missing character: There is no i in font nullfont!
Missing character: There is no s in font nullfont!
Missing character: There is no : in font nullfont!

Overfull \hbox (20.0pt too wide) in paragraph at lines 17--18
[]
 []


! LaTeX Error: Missing \begin{document}.

See the LaTeX manual or LaTeX Companion for explanation.
Type  H <return>  for immediate help.
 ...                                              
                                                  
l.19 \begin{enumerate}
                      
You're in trouble here.  Try typing  <return>  to proceed.
If that doesn't work, type  X <return>  to quit.


Overfull \hbox (20.0pt too wide) in paragraph at lines 19--19
[] 
 []

Missing character: There is no í in font cmti10!
Missing character: There is no ó in font cmti10!
Missing character: There is no ó in font cmti10!
Missing character: There is no á in font cmti10!

Overfull \hbox (16.01656pt too wide) in paragraph at lines 21--22
\OT1/cmr/m/it/10 ``La
 []


Overfull \hbox (19.16653pt too wide) in paragraph at lines 21--22
\OT1/cmr/m/it/10 tesis
 []


Overfull \hbox (18.39984pt too wide) in paragraph at lines 21--22
\OT1/cmr/m/it/10 debe
 []


Overfull \hbox (12.26659pt too wide) in paragraph at lines 21--22
\OT1/cmr/m/it/10 in-
 []


Overfull \hbox (19.80542pt too wide) in paragraph at lines 21--22
\OT1/cmr/m/it/10 cluir
 []


Overfull \hbox (16.09991pt too wide) in paragraph at lines 21--22
\OT1/cmr/m/it/10 una
 []


Overfull \hbox (21.21095pt too wide) in paragraph at lines 21--22
\OT1/cmr/m/it/10 snte-
 []


Overfull \hbox (14.31104pt too wide) in paragraph at lines 21--22
\OT1/cmr/m/it/10 sis,
 []


Overfull \hbox (10.22215pt too wide) in paragraph at lines 21--22
\OT1/cmr/m/it/10 en
 []


Overfull \hbox (16.09991pt too wide) in paragraph at lines 21--22
\OT1/cmr/m/it/10 una
 []


Overfull \hbox (9.71104pt too wide) in paragraph at lines 21--22
\OT1/cmr/m/it/10 de
 []


Overfull \hbox (11.7555pt too wide) in paragraph at lines 21--22
\OT1/cmr/m/it/10 las
 []


Overfull \hbox (14.31104pt too wide) in paragraph at lines 21--22
\OT1/cmr/m/it/10 dos
 []


Overfull \hbox (31.94424pt too wide) in paragraph at lines 21--22
\OT1/cmr/m/it/10 lenguas
 []


Overfull \hbox (14.31102pt too wide) in paragraph at lines 21--22
\OT1/cmr/m/it/10 ofi-
 []


Overfull \hbox (24.02206pt too wide) in paragraph at lines 21--22
\OT1/cmr/m/it/10 ciales
 []


Overfull \hbox (9.71104pt too wide) in paragraph at lines 21--22
\OT1/cmr/m/it/10 de
 []


Overfull \hbox (17.1221pt too wide) in paragraph at lines 21--22
\OT1/cmr/m/it/10 esta
 []


Overfull \hbox (15.84433pt too wide) in paragraph at lines 21--22
\OT1/cmr/m/it/10 Co-
 []


Overfull \hbox (17.12212pt too wide) in paragraph at lines 21--22
\OT1/cmr/m/it/10 mu-
 []


Overfull \hbox (24.0221pt too wide) in paragraph at lines 21--22
\OT1/cmr/m/it/10 nidad
 []


Overfull \hbox (19.44429pt too wide) in paragraph at lines 21--22
\OT1/cmr/m/it/10 Aut-
 []


Overfull \hbox (27.08875pt too wide) in paragraph at lines 21--22
\OT1/cmr/m/it/10 noma,
 []


Overfull \hbox (10.22215pt too wide) in paragraph at lines 21--22
\OT1/cmr/m/it/10 en
 []


Overfull \hbox (7.66663pt too wide) in paragraph at lines 21--22
\OT1/cmr/m/it/10 la
 []


Overfull \hbox (14.56656pt too wide) in paragraph at lines 21--22
\OT1/cmr/m/it/10 que
 []


Overfull \hbox (8.68883pt too wide) in paragraph at lines 21--22
\OT1/cmr/m/it/10 se
 []


Overfull \hbox (16.9943pt too wide) in paragraph at lines 21--22
\OT1/cmr/m/it/10 pre-
 []


Overfull \hbox (17.88876pt too wide) in paragraph at lines 21--22
\OT1/cmr/m/it/10 sen-
 []


Overfull \hbox (13.54434pt too wide) in paragraph at lines 21--22
\OT1/cmr/m/it/10 ten
 []


Overfull \hbox (11.7555pt too wide) in paragraph at lines 21--22
\OT1/cmr/m/it/10 los
 []


Overfull \hbox (13.28879pt too wide) in paragraph at lines 21--22
\OT1/cmr/m/it/10 ob-
 []


Overfull \hbox (11.24435pt too wide) in paragraph at lines 21--22
\OT1/cmr/m/it/10 je-
 []


Overfull \hbox (23.2554pt too wide) in paragraph at lines 21--22
\OT1/cmr/m/it/10 tivos,
 []


Overfull \hbox (24.78871pt too wide) in paragraph at lines 21--22
\OT1/cmr/m/it/10 hipte-
 []


Overfull \hbox (14.31104pt too wide) in paragraph at lines 21--22
\OT1/cmr/m/it/10 sis,
 []


Overfull \hbox (11.7555pt too wide) in paragraph at lines 21--22
\OT1/cmr/m/it/10 los
 []


Overfull \hbox (15.71652pt too wide) in paragraph at lines 21--22
\OT1/cmr/m/it/10 tra-
 []


Overfull \hbox (12.77766pt too wide) in paragraph at lines 21--22
\OT1/cmr/m/it/10 ba-
 []


Overfull \hbox (12.2666pt too wide) in paragraph at lines 21--22
\OT1/cmr/m/it/10 jos
 []


Overfull \hbox (16.9943pt too wide) in paragraph at lines 21--22
\OT1/cmr/m/it/10 pre-
 []


Overfull \hbox (17.88876pt too wide) in paragraph at lines 21--22
\OT1/cmr/m/it/10 sen-
 []


Overfull \hbox (12.01102pt too wide) in paragraph at lines 21--22
\OT1/cmr/m/it/10 ta-
 []


Overfull \hbox (14.31104pt too wide) in paragraph at lines 21--22
\OT1/cmr/m/it/10 dos
 []


Overfull \hbox (4.85551pt too wide) in paragraph at lines 21--22
\OT1/cmr/m/it/10 y
 []


Overfull \hbox (8.68883pt too wide) in paragraph at lines 21--22
\OT1/cmr/m/it/10 se
 []


Overfull \hbox (16.0999pt too wide) in paragraph at lines 21--22
\OT1/cmr/m/it/10 jus-
 []


Overfull \hbox (9.96658pt too wide) in paragraph at lines 21--22
\OT1/cmr/m/it/10 ti-
 []


Overfull \hbox (20.18875pt too wide) in paragraph at lines 21--22
\OT1/cmr/m/it/10 fique
 []


Overfull \hbox (7.66663pt too wide) in paragraph at lines 21--22
\OT1/cmr/m/it/10 la
 []


Overfull \hbox (29.38873pt too wide) in paragraph at lines 21--22
\OT1/cmr/m/it/10 unidad
 []


Overfull \hbox (40.59584pt too wide) in paragraph at lines 21--22
\OT1/cmr/m/it/10 temtica.'' 
 []

Missing character: There is no í in font cmti10!
Missing character: There is no ó in font cmti10!
Missing character: There is no í in font cmti10!
Missing character: There is no á in font cmti10!

Overfull \hbox (24.44986pt too wide) in paragraph at lines 23--24
\OT1/cmr/m/it/10 ``Esta
 []


Overfull \hbox (21.21095pt too wide) in paragraph at lines 23--24
\OT1/cmr/m/it/10 snte-
 []


Overfull \hbox (11.24438pt too wide) in paragraph at lines 23--24
\OT1/cmr/m/it/10 sis
 []


Overfull \hbox (18.39984pt too wide) in paragraph at lines 23--24
\OT1/cmr/m/it/10 debe
 []


Overfull \hbox (12.26659pt too wide) in paragraph at lines 23--24
\OT1/cmr/m/it/10 in-
 []


Overfull \hbox (16.9943pt too wide) in paragraph at lines 23--24
\OT1/cmr/m/it/10 cor-
 []


Overfull \hbox (13.28879pt too wide) in paragraph at lines 23--24
\OT1/cmr/m/it/10 po-
 []


Overfull \hbox (13.03322pt too wide) in paragraph at lines 23--24
\OT1/cmr/m/it/10 rar
 []


Overfull \hbox (10.98883pt too wide) in paragraph at lines 23--24
\OT1/cmr/m/it/10 un
 []


Overfull \hbox (11.88321pt too wide) in paragraph at lines 23--24
\OT1/cmr/m/it/10 re-
 []


Overfull \hbox (27.8554pt too wide) in paragraph at lines 23--24
\OT1/cmr/m/it/10 sumen
 []


Overfull \hbox (24.02205pt too wide) in paragraph at lines 23--24
\OT1/cmr/m/it/10 global
 []


Overfull \hbox (9.71104pt too wide) in paragraph at lines 23--24
\OT1/cmr/m/it/10 de
 []


Overfull \hbox (11.7555pt too wide) in paragraph at lines 23--24
\OT1/cmr/m/it/10 los
 []


Overfull \hbox (11.88321pt too wide) in paragraph at lines 23--24
\OT1/cmr/m/it/10 re-
 []


Overfull \hbox (15.58879pt too wide) in paragraph at lines 23--24
\OT1/cmr/m/it/10 sul-
 []


Overfull \hbox (12.01102pt too wide) in paragraph at lines 23--24
\OT1/cmr/m/it/10 ta-
 []


Overfull \hbox (14.31104pt too wide) in paragraph at lines 23--24
\OT1/cmr/m/it/10 dos
 []


Overfull \hbox (43.69972pt too wide) in paragraph at lines 23--24
\OT1/cmr/m/it/10 obtenidos,
 []


Overfull \hbox (9.71104pt too wide) in paragraph at lines 23--24
\OT1/cmr/m/it/10 de
 []


Overfull \hbox (7.66663pt too wide) in paragraph at lines 23--24
\OT1/cmr/m/it/10 la
 []


Overfull \hbox (15.84435pt too wide) in paragraph at lines 23--24
\OT1/cmr/m/it/10 dis-
 []


Overfull \hbox (22.74431pt too wide) in paragraph at lines 23--24
\OT1/cmr/m/it/10 cusin
 []


Overfull \hbox (9.71104pt too wide) in paragraph at lines 23--24
\OT1/cmr/m/it/10 de
 []


Overfull \hbox (12.26657pt too wide) in paragraph at lines 23--24
\OT1/cmr/m/it/10 es-
 []


Overfull \hbox (12.52214pt too wide) in paragraph at lines 23--24
\OT1/cmr/m/it/10 tos
 []


Overfull \hbox (11.88321pt too wide) in paragraph at lines 23--24
\OT1/cmr/m/it/10 re-
 []


Overfull \hbox (15.58879pt too wide) in paragraph at lines 23--24
\OT1/cmr/m/it/10 sul-
 []


Overfull \hbox (12.01102pt too wide) in paragraph at lines 23--24
\OT1/cmr/m/it/10 ta-
 []


Overfull \hbox (14.31104pt too wide) in paragraph at lines 23--24
\OT1/cmr/m/it/10 dos
 []


Overfull \hbox (4.85551pt too wide) in paragraph at lines 23--24
\OT1/cmr/m/it/10 y
 []


Overfull \hbox (9.71104pt too wide) in paragraph at lines 23--24
\OT1/cmr/m/it/10 de
 []


Overfull \hbox (11.7555pt too wide) in paragraph at lines 23--24
\OT1/cmr/m/it/10 las
 []


Overfull \hbox (18.39986pt too wide) in paragraph at lines 23--24
\OT1/cmr/m/it/10 con-
 []


Overfull \hbox (16.09988pt too wide) in paragraph at lines 23--24
\OT1/cmr/m/it/10 clu-
 []


Overfull \hbox (26.57762pt too wide) in paragraph at lines 23--24
\OT1/cmr/m/it/10 siones
 []


Overfull \hbox (9.19994pt too wide) in paragraph at lines 23--24
\OT1/cmr/m/it/10 fi-
 []


Overfull \hbox (25.0443pt too wide) in paragraph at lines 23--24
\OT1/cmr/m/it/10 nales.
 []


Overfull \hbox (19.30544pt too wide) in paragraph at lines 23--24
\OT1/cmr/m/it/10 Esta
 []


Overfull \hbox (21.21095pt too wide) in paragraph at lines 23--24
\OT1/cmr/m/it/10 snte-
 []


Overfull \hbox (11.24438pt too wide) in paragraph at lines 23--24
\OT1/cmr/m/it/10 sis
 []


Overfull \hbox (13.28879pt too wide) in paragraph at lines 23--24
\OT1/cmr/m/it/10 de-
 []


Overfull \hbox (12.90543pt too wide) in paragraph at lines 23--24
\OT1/cmr/m/it/10 ber
 []


Overfull \hbox (14.4388pt too wide) in paragraph at lines 23--24
\OT1/cmr/m/it/10 dar
 []


Overfull \hbox (16.09991pt too wide) in paragraph at lines 23--24
\OT1/cmr/m/it/10 una
 []


Overfull \hbox (17.37766pt too wide) in paragraph at lines 23--24
\OT1/cmr/m/it/10 idea
 []


Overfull \hb