This is pdfTeX, Version 3.1415926-1.40.10 (MiKTeX 2.8) (preloaded format=latex 2011.7.6)  6 JUL 2011 13:39
entering extended mode
**mazon_tesis.tex
("C:\Users\José Alfonso Aguilar\Desktop\Tesis_Aguilar\mazon_tesis.tex"
LaTeX2e <2009/09/24>
Babel <v3.8l> and hyphenation patterns for english, dumylang, nohyphenation, ge
rman, ngerman, german-x-2009-06-19, ngerman-x-2009-06-19, french, loaded.
("C:\Users\José Alfonso Aguilar\Desktop\Tesis_Aguilar\svmono.cls"
Document Class: svmono 2006/05/11 v4.14 
Springer Verlag global LaTeX document class for monographs
Class Springer-SVMono Info: extra/valid Springer sub-package 
(Springer-SVMono)           not found in option list - using "global" style.
("C:\Program Files\MiKTeX 2.8\tex\latex\base\article.cls"
Document Class: article 2007/10/19 v1.4h Standard LaTeX document class
("C:\Program Files\MiKTeX 2.8\tex\latex\base\size10.clo"
File: size10.clo 2007/10/19 v1.4h Standard LaTeX file (size option)
)
\c@part=\count79
\c@section=\count80
\c@subsection=\count81
\c@subsubsection=\count82
\c@paragraph=\count83
\c@subparagraph=\count84
\c@figure=\count85
\c@table=\count86
\abovecaptionskip=\skip41
\belowcaptionskip=\skip42
\bibindent=\dimen102
)
\betweenumberspace=\dimen103
\headlineindent=\dimen104
\c@chapter=\count87
\chapstarthookwidth=\dimen105
\svitemindent=\dimen106
\verbatimindent=\dimen107
LaTeX Font Info:    Redeclaring math symbol \Gamma on input line 624.
LaTeX Font Info:    Redeclaring math symbol \Delta on input line 625.
LaTeX Font Info:    Redeclaring math symbol \Theta on input line 626.
LaTeX Font Info:    Redeclaring math symbol \Lambda on input line 627.
LaTeX Font Info:    Redeclaring math symbol \Xi on input line 628.
LaTeX Font Info:    Redeclaring math symbol \Pi on input line 629.
LaTeX Font Info:    Redeclaring math symbol \Sigma on input line 630.
LaTeX Font Info:    Redeclaring math symbol \Upsilon on input line 631.
LaTeX Font Info:    Redeclaring math symbol \Phi on input line 632.
LaTeX Font Info:    Redeclaring math symbol \Psi on input line 633.
LaTeX Font Info:    Redeclaring math symbol \Omega on input line 634.
\tocchpnum=\dimen108
\tocsecnum=\dimen109
\tocsectotal=\dimen110
\tocsubsecnum=\dimen111
\tocsubsectotal=\dimen112
\tocsubsubsecnum=\dimen113
\tocsubsubsectotal=\dimen114
\tocparanum=\dimen115
\tocparatotal=\dimen116
\tocsubparanum=\dimen117
\foot@parindent=\dimen118
\spthmsep=\dimen119
\c@theorem=\count88
\c@prob=\count89
\instindent=\dimen120
\figgap=\dimen121
\figcapgap=\dimen122
\tabcapgap=\dimen123
\c@merk=\count90
)
("C:\Program Files\MiKTeX 2.8\tex\latex\base\makeidx.sty"
Package: makeidx 2000/03/29 v1.0m Standard LaTeX package
)
("C:\Program Files\MiKTeX 2.8\tex\latex\graphics\graphicx.sty"
Package: graphicx 1999/02/16 v1.0f Enhanced LaTeX Graphics (DPC,SPQR)

("C:\Program Files\MiKTeX 2.8\tex\latex\graphics\keyval.sty"
Package: keyval 1999/03/16 v1.13 key=value parser (DPC)
\KV@toks@=\toks14
)
("C:\Program Files\MiKTeX 2.8\tex\latex\graphics\graphics.sty"
Package: graphics 2009/02/05 v1.0o Standard LaTeX Graphics (DPC,SPQR)

("C:\Program Files\MiKTeX 2.8\tex\latex\graphics\trig.sty"
Package: trig 1999/03/16 v1.09 sin cos tan (DPC)
)
("C:\Program Files\MiKTeX 2.8\tex\latex\00miktex\graphics.cfg"
File: graphics.cfg 2007/01/18 v1.5 graphics configuration of teTeX/TeXLive
)
Package graphics Info: Driver file: dvips.def on input line 91.

("C:\Program Files\MiKTeX 2.8\tex\latex\graphics\dvips.def"
File: dvips.def 1999/02/16 v3.0i Driver-dependant file (DPC,SPQR)
))
\Gin@req@height=\dimen124
\Gin@req@width=\dimen125
)
("C:\Program Files\MiKTeX 2.8\tex\latex\tools\multicol.sty"
Package: multicol 2008/12/05 v1.6h multicolumn formatting (FMi)
\c@tracingmulticols=\count91
\mult@box=\box26
\multicol@leftmargin=\dimen126
\c@unbalance=\count92
\c@collectmore=\count93
\doublecol@number=\count94
\multicoltolerance=\count95
\multicolpretolerance=\count96
\full@width=\dimen127
\page@free=\dimen128
\premulticols=\dimen129
\postmulticols=\dimen130
\multicolsep=\skip43
\multicolbaselineskip=\skip44
\partial@page=\box27
\last@line=\box28
\mult@rightbox=\box29
\mult@grightbox=\box30
\mult@gfirstbox=\box31
\mult@firstbox=\box32
\@tempa=\box33
\@tempa=\box34
\@tempa=\box35
\@tempa=\box36
\@tempa=\box37
\@tempa=\box38
\@tempa=\box39
\@tempa=\box40
\@tempa=\box41
\@tempa=\box42
\@tempa=\box43
\@tempa=\box44
\@tempa=\box45
\@tempa=\box46
\@tempa=\box47
\@tempa=\box48
\@tempa=\box49
\c@columnbadness=\count97
\c@finalcolumnbadness=\count98
\last@try=\dimen131
\multicolovershoot=\dimen132
\multicolundershoot=\dimen133
\mult@nat@firstbox=\box50
\colbreak@box=\box51
)
("C:\Program Files\MiKTeX 2.8\tex\latex\footmisc\footmisc.sty"
Package: footmisc 2011/06/06 v5.5b a miscellany of footnote facilities
\FN@temptoken=\toks15
\footnotemargin=\dimen134
\c@pp@next@reset=\count99
Package footmisc Info: Declaring symbol style bringhurst on input line 855.
Package footmisc Info: Declaring symbol style chicago on input line 863.
Package footmisc Info: Declaring symbol style wiley on input line 872.
Package footmisc Info: Declaring symbol style lamport-robust on input line 883.

Package footmisc Info: Declaring symbol style lamport* on input line 903.
Package footmisc Info: Declaring symbol style lamport*-robust on input line 924
.
)
("C:\Program Files\MiKTeX 2.8\tex\latex\pdfpages\pdfpages.sty"
Package: pdfpages 2011/03/10 v0.4n Insert pages of external PDF documents (AM)

("C:\Program Files\MiKTeX 2.8\tex\latex\base\ifthen.sty"
Package: ifthen 2001/05/26 v1.1c Standard LaTeX ifthen package (DPC)
)
("C:\Program Files\MiKTeX 2.8\tex\latex\tools\calc.sty"
Package: calc 2007/08/22 v4.3 Infix arithmetic (KKT,FJ)
\calc@Acount=\count100
\calc@Bcount=\count101
\calc@Adimen=\dimen135
\calc@Bdimen=\dimen136
\calc@Askip=\skip45
\calc@Bskip=\skip46
LaTeX Info: Redefining \setlength on input line 76.
LaTeX Info: Redefining \addtolength on input line 77.
\calc@Ccount=\count102
\calc@Cskip=\skip47
)
("C:\Program Files\MiKTeX 2.8\tex\latex\eso-pic\eso-pic.sty"
Package: eso-pic 2010/10/06 v2.0c eso-pic (RN)

("C:\Program Files\MiKTeX 2.8\tex\generic\oberdiek\atbegshi.sty"
Package: atbegshi 2010/03/25 v1.12 At begin shipout hook (HO)

("C:\Program Files\MiKTeX 2.8\tex\generic\oberdiek\infwarerr.sty"
Package: infwarerr 2010/04/08 v1.3 Providing info/warning/message (HO)
)
("C:\Program Files\MiKTeX 2.8\tex\generic\oberdiek\ltxcmds.sty"
Package: ltxcmds 2010/04/08 v1.5 LaTeX kernel commands for general use (HO)
)
("C:\Program Files\MiKTeX 2.8\tex\generic\oberdiek\ifpdf.sty"
Package: ifpdf 2010/01/28 v2.1 Provides the ifpdf switch (HO)
Package ifpdf Info: pdfTeX in pdf mode not detected.
))
("C:\Program Files\MiKTeX 2.8\tex\latex\xcolor\xcolor.sty"
Package: xcolor 2007/01/21 v2.11 LaTeX color extensions (UK)

("C:\Program Files\MiKTeX 2.8\tex\latex\00miktex\color.cfg"
File: color.cfg 2007/01/18 v1.5 color configuration of teTeX/TeXLive
)
Package xcolor Info: Driver file: dvips.def on input line 225.
Package xcolor Info: Model `cmy' substituted by `cmy0' on input line 1337.
Package xcolor Info: Model `RGB' extended on input line 1353.
Package xcolor Info: Model `HTML' substituted by `rgb' on input line 1355.
Package xcolor Info: Model `Hsb' substituted by `hsb' on input line 1356.
Package xcolor Info: Model `tHsb' substituted by `hsb' on input line 1357.
Package xcolor Info: Model `HSB' substituted by `hsb' on input line 1358.
Package xcolor Info: Model `Gray' substituted by `gray' on input line 1359.
Package xcolor Info: Model `wave' substituted by `hsb' on input line 1360.
))
("C:\Program Files\MiKTeX 2.8\tex\latex\pdfpages\pppdftex.def"
File: pppdftex.def 2011/03/10 v0.4n Pdfpages driver for pdfTeX (AM)

("C:\Program Files\MiKTeX 2.8\tex\latex\pdfpages\ppnull.def"
File: ppnull.def 2011/03/10 v0.4n Pdfpages dummy driver (AM)


Package pdfpages Warning: I will use a dummy \includepdf command
(pdfpages)                which will NOT insert any pages, because
(pdfpages)                you are producing DVI output.

))
\AM@pagebox=\box52
\AM@toc@title=\toks16
\c@AM@survey=\count103
\AM@templatesizebox=\box53
) ("C:\Program Files\MiKTeX 2.8\tex\latex\ltxmisc\url.sty"
\Urlmuskip=\muskip10
Package: url 2006/04/12  ver 3.3  Verb mode for urls, etc.
)
("C:\Program Files\MiKTeX 2.8\tex\latex\subfigure\subfigure.sty"
Package: subfigure 2002/07/30 v2.1.4 subfigure package
\subfigtopskip=\skip48
\subfigcapskip=\skip49
\subfigcaptopadj=\dimen137
\subfigbottomskip=\skip50
\subfigcapmargin=\dimen138
\subfiglabelskip=\skip51
\c@subfigure=\count104
\c@lofdepth=\count105
\c@subtable=\count106
\c@lotdepth=\count107

****************************************
* Local config file subfigure.cfg used *
****************************************
("C:\Program Files\MiKTeX 2.8\tex\latex\subfigure\subfigure.cfg")
\subfig@top=\skip52
\subfig@bottom=\skip53
)
("C:\Program Files\MiKTeX 2.8\tex\latex\base\inputenc.sty"
Package: inputenc 2008/03/30 v1.1d Input encoding file
\inpenc@prehook=\toks17
\inpenc@posthook=\toks18

("C:\Program Files\MiKTeX 2.8\tex\latex\base\latin1.def"
File: latin1.def 2008/03/30 v1.1d Input encoding file
))
("C:\Program Files\MiKTeX 2.8\tex\latex\geometry\geometry.sty"
Package: geometry 2010/03/13 v5.3 Page Geometry

("C:\Program Files\MiKTeX 2.8\tex\generic\oberdiek\ifvtex.sty"
Package: ifvtex 2010/03/01 v1.5 Switches for detecting VTeX and its modes (HO)
Package ifvtex Info: VTeX not detected.
)
\Gm@cnth=\count108
\Gm@cntv=\count109
\c@Gm@tempcnt=\count110
\Gm@bindingoffset=\dimen139
\Gm@wd@mp=\dimen140
\Gm@odd@mp=\dimen141
\Gm@even@mp=\dimen142
\Gm@layoutwidth=\dimen143
\Gm@layoutheight=\dimen144
\Gm@layouthoffset=\dimen145
\Gm@layoutvoffset=\dimen146
\Gm@dimlist=\toks19

("C:\Program Files\MiKTeX 2.8\tex\latex\geometry\geometry.cfg")

Package geometry Warning: `twoside' should be set to `true' or `false'.

)
\@indexfile=\write3

Writing index file mazon_tesis.idx
("C:\Users\José Alfonso Aguilar\Desktop\Tesis_Aguilar\mazon_tesis.aux"
("C:\Users\José Alfonso Aguilar\Desktop\Tesis_Aguilar\dedic.aux")
("C:\Users\José Alfonso Aguilar\Desktop\Tesis_Aguilar\ack.aux")
("C:\Users\José Alfonso Aguilar\Desktop\Tesis_Aguilar\ack_eng.aux")
("C:\Users\José Alfonso Aguilar\Desktop\Tesis_Aguilar\pref.aux")
("C:\Users\José Alfonso Aguilar\Desktop\Tesis_Aguilar\part1.aux")
("C:\Users\José Alfonso Aguilar\Desktop\Tesis_Aguilar\chapter1.aux"))
LaTeX Font Info:    Checking defaults for OML/cmm/m/it on input line 61.
LaTeX Font Info:    ... okay on input line 61.
LaTeX Font Info:    Checking defaults for T1/cmr/m/n on input line 61.
LaTeX Font Info:    ... okay on input line 61.
LaTeX Font Info:    Checking defaults for OT1/cmr/m/n on input line 61.
LaTeX Font Info:    ... okay on input line 61.
LaTeX Font Info:    Checking defaults for OMS/cmsy/m/n on input line 61.
LaTeX Font Info:    ... okay on input line 61.
LaTeX Font Info:    Checking defaults for OMX/cmex/m/n on input line 61.
LaTeX Font Info:    ... okay on input line 61.
LaTeX Font Info:    Checking defaults for U/cmr/m/n on input line 61.
LaTeX Font Info:    ... okay on input line 61.
\AtBeginShipoutBox=\box54

*geometry* detected driver: dvips
*geometry* verbose mode - [ preamble ] result:
* driver: dvips
* paper: 597.50787pt, 845.04675pt (class default)
* layout: 597.50787pt, 845.04675pt
* switch(es): twoside 
* h-part:(L,W,R)=(93.89418pt, 409.71951pt, 93.89418pt)
* v-part:(T,H,B)=(93.89418pt, 657.25839pt, 93.89418pt)
* \paperwidth=597.50787pt
* \paperheight=845.04675pt
* \textwidth=409.71951pt
* \textheight=657.25839pt
* \oddsidemargin=21.62419pt
* \evensidemargin=21.62419pt
* \topmargin=-2.37581pt
* \headheight=12.0pt
* \headsep=12.0pt
* \footskip=30.0pt
* \marginparwidth=90.0pt
* \marginparsep=11.0pt
* \columnsep=10.0pt
* \skip\footins=9.0pt plus 4.0pt minus 2.0pt
* \hoffset=0.0pt
* \voffset=0.0pt
* \mag=1000
* \@twocolumnfalse
* \@twosidetrue
* \@mparswitchtrue
* \@reversemarginfalse
* (1in=72.27pt, 1cm=28.453pt)


Underfull \hbox (badness 10000) in paragraph at lines 65--65

 []

[1

] [2


] ("C:\Users\José Alfonso Aguilar\Desktop\Tesis_Aguilar\dedic.tex")
[5

] ("C:\Users\José Alfonso Aguilar\Desktop\Tesis_Aguilar\ack.tex" [6




]
LaTeX Font Info:    External font `cmex10' loaded for size
(Font)              <7> on input line 2.
LaTeX Font Info:    External font `cmex10' loaded for size
(Font)              <5> on input line 2.
)
[7] ("C:\Users\José Alfonso Aguilar\Desktop\Tesis_Aguilar\ack_eng.tex" [8




])
[9] ("C:\Users\José Alfonso Aguilar\Desktop\Tesis_Aguilar\pref.tex" [10




]

LaTeX Warning: Reference `c2' on page XI undefined on input line 41.

) [11] [12



]
("C:\Users\José Alfonso Aguilar\Desktop\Tesis_Aguilar\mazon_tesis.toc")
\tf@toc=\write4

[13] [14


] ("C:\Users\José Alfonso Aguilar\Desktop\Tesis_Aguilar\part1.tex"
[1



] [2]) ("C:\Users\José Alfonso Aguilar\Desktop\Tesis_Aguilar\chapter1.tex"
Chapter 1.

LaTeX Warning: Reference `c2' on page 3 undefined on input line 56.


LaTeX Warning: Reference `p2' on page 3 undefined on input line 56.


LaTeX Warning: Reference `p3' on page 3 undefined on input line 58.

[3




]

LaTeX Warning: Reference `c3' on page 4 undefined on input line 82.


LaTeX Warning: Reference `c4' on page 4 undefined on input line 98.


LaTeX Warning: Reference `c5' on page 4 undefined on input line 116.


Overfull \hbox (9.43344pt too wide) in paragraph at lines 121--122
\OT1/cmr/m/it/10 with data sources via mul-ti-di-men-sional nor-mal forms. Data
 & Knowl-edge En-gi-neer-ing, 63(3):725--
 []


LaTeX Warning: Reference `c6' on page 4 undefined on input line 138.

[4]

LaTeX Warning: Reference `a1' on page 5 undefined on input line 170.


LaTeX Warning: Reference `c3' on page 5 undefined on input line 183.


LaTeX Warning: Reference `c6' on page 5 undefined on input line 183.


LaTeX Warning: Reference `a2' on page 5 undefined on input line 200.


LaTeX Warning: Reference `a1' on page 5 undefined on input line 206.


LaTeX Warning: Reference `a3' on page 5 undefined on input line 215.


LaTeX Warning: Reference `a1' on page 5 undefined on input line 222.

[5]
Overfull \hbox (5.78777pt too wide) in paragraph at lines 262--265
[][]\OT1/cmr/m/n/10 Una apro-
 []


Overfull \hbox (3.84216pt too wide) in paragraph at lines 289--294
[][]\OT1/cmr/m/n/10 Modelling ETL Pro-cesses of Data Ware-houses
 []


Overfull \hbox (22.37111pt too wide) in paragraph at lines 296--301
[][]\OT1/cmr/m/n/10 To-wards Com-
 []


Overfull \hbox (2.28781pt too wide) in paragraph at lines 322--327
[][]\OT1/cmr/m/n/10 Modelado
 []

[6] [7] [8]
LaTeX Font Info:    External font `cmex10' loaded for size
(Font)              <9> on input line 598.
LaTeX Font Info:    External font `cmex10' loaded for size
(Font)              <6> on input line 598.


LaTeX Warning: Reference `c3' on page 9 undefined on input line 598.

[9]

LaTeX Warning: Reference `c1:fig:approach' on page 10 undefined on input line 6
10.


LaTeX Warning: Reference `c1:fig:approach' on page 10 undefined on input line 6
23.


LaTeX Warning: Reference `c5' on page 10 undefined on input line 657.

[10]

LaTeX Warning: Reference `c5' on page 11 undefined on input line 710.


LaTeX Warning: Reference `c5' on page 11 undefined on input line 732.


LaTeX Warning: Reference `c6' on page 11 undefined on input line 732.

[11]

LaTeX Warning: Reference `c3' on page 12 undefined on input line 801.


LaTeX Warning: Reference `c4' on page 12 undefined on input line 803.


LaTeX Warning: Reference `c1:fig:profile-i' on page 12 undefined on input line 
851.


LaTeX Warning: Reference `c1:istarpalette' on page 12 undefined on input line 8
54.


Overfull \hbox (5.99998pt too wide) in paragraph at lines 859--871
[][][] 
 []

[12]

LaTeX Warning: Reference `c1:fig:profile-md' on page 13 undefined on input line
 909.


LaTeX Warning: Reference `c1:mdpalette' on page 13 undefined on input line 912.



Overfull \hbox (8.99997pt too wide) in paragraph at lines 933--946
[][][] 
 []


LaTeX Warning: Reference `c1:fig:cwm' on page 13 undefined on input line 955.

[13]

LaTeX Warning: Reference `c1:fig:screenshot' on page 14 undefined on input line
 986.


LaTeX Warning: Reference `c1:fig:project' on page 14 undefined on input line 99
2.


LaTeX Warning: Reference `c1:fig:parts' on page 14 undefined on input line 994.



LaTeX Warning: Reference `c1:istarpalette' on page 14 undefined on input line 9
96.


LaTeX Warning: Reference `c1:mdpalette' on page 14 undefined on input line 997.



LaTeX Warning: Reference `c1:fig:menutransform' on page 14 undefined on input l
ine 1000.

[14]

LaTeX Warning: Reference `c1:fig:cim' on page 15 undefined on input line 1069.


LaTeX Warning: Reference `c1:fig:pim1' on page 15 undefined on input line 1091.



LaTeX Warning: Reference `c1:pim1_fact' on page 15 undefined on input line 1093
.


LaTeX Warning: Reference `c1:pim1_dim1' on page 15 undefined on input line 1096
.


LaTeX Warning: Reference `c1:pim1_dim2' on page 15 undefined on input line 1096
.


LaTeX Warning: Reference `c1:fig:ds' on page 15 undefined on input line 1121.


LaTeX Warning: Reference `c1:fig:menutransform' on page 15 undefined on input l
ine 1147.


LaTeX Warning: Reference `c1:fig:pim2' on page 15 undefined on input line 1156.


LaTeX Font Info:    Try loading font information for OMS+cmr on input line 1178
.
("C:\Program Files\MiKTeX 2.8\tex\latex\base\omscmr.fd"
File: omscmr.fd 1999/05/25 v2.5h Standard LaTeX font definitions
)
LaTeX Font Info:    Font shape `OMS/cmr/m/n' in size <10> not available
(Font)              Font shape `OMS/cmsy/m/n' tried instead on input line 1178.



LaTeX Warning: Reference `c1:fig:menutransform' on page 15 undefined on input l
ine 1196.


LaTeX Warning: Reference `c1:fig:pim3_1' on page 15 undefined on input line 120
4.


LaTeX Warning: Reference `c1:fig:pim3_2' on page 15 undefined on input line 120
5.

[15]

LaTeX Warning: Reference `c1:fig:setstatusnone' on page 16 undefined on input l
ine 1237.


LaTeX Warning: Reference `c1:fig:pim4_1' on page 16 undefined on input line 124
2.


LaTeX Warning: Reference `c1:fig:pim4_2' on page 16 undefined on input line 124
3.


LaTeX Warning: Reference `c1:fig:psm' on page 16 undefined on input line 1281.


LaTeX Warning: Reference `c1:fig:codesql' on page 16 undefined on input line 12
95.


LaTeX Warning: Reference `c1:fig:codeolap' on page 16 undefined on input line 1
297.

[16]

LaTeX Warning: Reference `a1' on page 17 undefined on input line 1339.


LaTeX Warning: Reference `a2' on page 17 undefined on input line 1339.


LaTeX Warning: Reference `a3' on page 17 undefined on input line 1339.


LaTeX Warning: Reference `a1' on page 17 undefined on input line 1343.

[17

]

LaTeX Warning: Reference `c1:fig:normalization' on page 18 undefined on input l
ine 1415.


LaTeX Warning: Reference `c1:fig:normalizationATL' on page 18 undefined on inpu
t line 1436.

("C:\Users\José Alfonso Aguilar\Desktop\Tesis_Aguilar\mazon_tesis.bbl" [18]
Underfull \hbox (badness 1715) in paragraph at lines 147--150
[][]\OT1/cmr/m/n/9 Object Man-age-ment Group.  MDA Guide 1.0.1. $\OT1/cmtt/m/n/
9 http : / / www . omg . org / cgi-[]bin / doc ? omg /
 []

[19])) [20]
("C:\Users\José Alfonso Aguilar\Desktop\Tesis_Aguilar\mazon_tesis.aux"
("C:\Users\José Alfonso Aguilar\Desktop\Tesis_Aguilar\dedic.aux")
("C:\Users\José Alfonso Aguilar\Desktop\Tesis_Aguilar\ack.aux")
("C:\Users\José Alfonso Aguilar\Desktop\Tesis_Aguilar\ack_eng.aux")
("C:\Users\José Alfonso Aguilar\Desktop\Tesis_Aguilar\pref.aux")
("C:\Users\José Alfonso Aguilar\Desktop\Tesis_Aguilar\part1.aux")
("C:\Users\José Alfonso Aguilar\Desktop\Tesis_Aguilar\chapter1.aux"))

LaTeX Warning: There were undefined references.

 ) 
Here is how much of TeX's memory you used:
 3342 strings out of 495286
 47772 string characters out of 3180373
 129131 words of memory out of 3000000
 6460 multiletter control sequences out of 15000+200000
 9567 words of font info for 34 fonts, out of 3000000 for 9000
 14 hyphenation exceptions out of 8191
 37i,11n,39p,314b,323s stack positions out of 5000i,500n,10000p,200000b,50000s

Output written on mazon_tesis.dvi (32 pages, 140988 bytes).
